{"/code/test_2_2.js": {"path":"/code/test_2_2.js","statementMap":{"0":{"start":{"line":5,"column":4},"end":{"line":13,"column":5}},"1":{"start":{"line":5,"column":16},"end":{"line":5,"column":17}},"2":{"start":{"line":6,"column":8},"end":{"line":12,"column":9}},"3":{"start":{"line":6,"column":20},"end":{"line":6,"column":21}},"4":{"start":{"line":7,"column":12},"end":{"line":11,"column":13}},"5":{"start":{"line":8,"column":27},"end":{"line":8,"column":35}},"6":{"start":{"line":9,"column":16},"end":{"line":9,"column":38}},"7":{"start":{"line":10,"column":16},"end":{"line":10,"column":34}},"8":{"start":{"line":14,"column":4},"end":{"line":14,"column":17}}},"fnMap":{"0":{"name":"bubble","decl":{"start":{"line":4,"column":16},"end":{"line":4,"column":22}},"loc":{"start":{"line":4,"column":29},"end":{"line":15,"column":1}},"line":4}},"branchMap":{"0":{"loc":{"start":{"line":7,"column":12},"end":{"line":11,"column":13}},"type":"if","locations":[{"start":{"line":7,"column":12},"end":{"line":11,"column":13}},{"start":{},"end":{}}],"line":7}},"s":{"0":4,"1":4,"2":15,"3":15,"4":42,"5":8,"6":8,"7":8,"8":4},"f":{"0":4},"b":{"0":[8,34]},"_coverageSchema":"1a1c01bbd47fc00a2c39e90264f33305004495a9","hash":"0d4d71cf25623688f97bf7fbd6a0ecd1f9649c30"}
,"/code/test_2_3.js": {"path":"/code/test_2_3.js","statementMap":{"0":{"start":{"line":42,"column":15},"end":{"line":42,"column":52}},"1":{"start":{"line":43,"column":2},"end":{"line":44,"column":23}},"2":{"start":{"line":43,"column":14},"end":{"line":43,"column":15}},"3":{"start":{"line":44,"column":2},"end":{"line":44,"column":23}},"4":{"start":{"line":45,"column":2},"end":{"line":49,"column":3}},"5":{"start":{"line":45,"column":15},"end":{"line":45,"column":16}},"6":{"start":{"line":45,"column":22},"end":{"line":45,"column":23}},"7":{"start":{"line":46,"column":4},"end":{"line":48,"column":5}},"8":{"start":{"line":46,"column":17},"end":{"line":46,"column":26}},"9":{"start":{"line":47,"column":6},"end":{"line":47,"column":19}},"10":{"start":{"line":50,"column":2},"end":{"line":50,"column":15}}},"fnMap":{"0":{"name":"bucketsort","decl":{"start":{"line":41,"column":16},"end":{"line":41,"column":26}},"loc":{"start":{"line":41,"column":33},"end":{"line":51,"column":1}},"line":41}},"branchMap":{},"s":{"0":2,"1":2,"2":2,"3":13,"4":2,"5":2,"6":2,"7":11,"8":11,"9":13,"10":2},"f":{"0":2},"b":{},"_coverageSchema":"1a1c01bbd47fc00a2c39e90264f33305004495a9","hash":"d666769672893bbfecef4fab5cc049d367d8c9a1"}
,"/code/test_2_5.js": {"path":"/code/test_2_5.js","statementMap":{"0":{"start":{"line":3,"column":2},"end":{"line":15,"column":3}},"1":{"start":{"line":4,"column":15},"end":{"line":4,"column":26}},"2":{"start":{"line":5,"column":4},"end":{"line":5,"column":26}},"3":{"start":{"line":6,"column":4},"end":{"line":14,"column":5}},"4":{"start":{"line":7,"column":6},"end":{"line":7,"column":18}},"5":{"start":{"line":9,"column":4},"end":{"line":13,"column":7}},"6":{"start":{"line":9,"column":16},"end":{"line":9,"column":17}},"7":{"start":{"line":10,"column":6},"end":{"line":12,"column":9}},"8":{"start":{"line":11,"column":8},"end":{"line":11,"column":34}},"9":{"start":{"line":16,"column":2},"end":{"line":16,"column":15}}},"fnMap":{"0":{"name":"dfs","decl":{"start":{"line":2,"column":16},"end":{"line":2,"column":19}},"loc":{"start":{"line":2,"column":49},"end":{"line":17,"column":1}},"line":2}},"branchMap":{"0":{"loc":{"start":{"line":6,"column":4},"end":{"line":14,"column":5}},"type":"if","locations":[{"start":{"line":6,"column":4},"end":{"line":14,"column":5}},{"start":{"line":8,"column":9},"end":{"line":14,"column":5}}],"line":6},"1":{"loc":{"start":{"line":10,"column":6},"end":{"line":12,"column":9}},"type":"if","locations":[{"start":{"line":10,"column":6},"end":{"line":12,"column":9}},{"start":{},"end":{}}],"line":10}},"s":{"0":4,"1":29,"2":29,"3":29,"4":3,"5":26,"6":26,"7":50,"8":28,"9":1},"f":{"0":4},"b":{"0":[3,26],"1":[28,22]},"_coverageSchema":"1a1c01bbd47fc00a2c39e90264f33305004495a9","hash":"bff77ac8165d7eeb572091fd61b0f06c900022f8"}
,"/code/test_2_6.js": {"path":"/code/test_2_6.js","statementMap":{"0":{"start":{"line":4,"column":19},"end":{"line":4,"column":31}},"1":{"start":{"line":6,"column":1},"end":{"line":8,"column":2}},"2":{"start":{"line":6,"column":14},"end":{"line":6,"column":44}},"3":{"start":{"line":7,"column":3},"end":{"line":7,"column":34}},"4":{"start":{"line":10,"column":4},"end":{"line":15,"column":5}},"5":{"start":{"line":10,"column":17},"end":{"line":10,"column":31}},"6":{"start":{"line":11,"column":6},"end":{"line":11,"column":22}},"7":{"start":{"line":12,"column":6},"end":{"line":12,"column":26}},"8":{"start":{"line":13,"column":6},"end":{"line":13,"column":22}},"9":{"start":{"line":14,"column":6},"end":{"line":14,"column":28}},"10":{"start":{"line":16,"column":4},"end":{"line":16,"column":17}},"11":{"start":{"line":21,"column":16},"end":{"line":21,"column":28}},"12":{"start":{"line":22,"column":15},"end":{"line":22,"column":26}},"13":{"start":{"line":23,"column":4},"end":{"line":33,"column":7}},"14":{"start":{"line":24,"column":8},"end":{"line":26,"column":9}},"15":{"start":{"line":25,"column":10},"end":{"line":25,"column":28}},"16":{"start":{"line":27,"column":8},"end":{"line":32,"column":9}},"17":{"start":{"line":28,"column":10},"end":{"line":28,"column":16}},"18":{"start":{"line":30,"column":10},"end":{"line":30,"column":58}},"19":{"start":{"line":31,"column":10},"end":{"line":31,"column":32}},"20":{"start":{"line":34,"column":6},"end":{"line":34,"column":46}}},"fnMap":{"0":{"name":"heapSort","decl":{"start":{"line":3,"column":16},"end":{"line":3,"column":24}},"loc":{"start":{"line":3,"column":31},"end":{"line":17,"column":1}},"line":3},"1":{"name":"heap","decl":{"start":{"line":20,"column":9},"end":{"line":20,"column":13}},"loc":{"start":{"line":20,"column":30},"end":{"line":35,"column":1}},"line":20}},"branchMap":{"0":{"loc":{"start":{"line":24,"column":8},"end":{"line":26,"column":9}},"type":"if","locations":[{"start":{"line":24,"column":8},"end":{"line":26,"column":9}},{"start":{},"end":{}}],"line":24},"1":{"loc":{"start":{"line":24,"column":12},"end":{"line":24,"column":59}},"type":"binary-expr","locations":[{"start":{"line":24,"column":12},"end":{"line":24,"column":24}},{"start":{"line":24,"column":28},"end":{"line":24,"column":59}}],"line":24},"2":{"loc":{"start":{"line":27,"column":8},"end":{"line":32,"column":9}},"type":"if","locations":[{"start":{"line":27,"column":8},"end":{"line":32,"column":9}},{"start":{"line":29,"column":15},"end":{"line":32,"column":9}}],"line":27}},"s":{"0":1,"1":1,"2":1,"3":3,"4":1,"5":1,"6":5,"7":5,"8":5,"9":5,"10":1,"11":8,"12":8,"13":8,"14":9,"15":1,"16":9,"17":2,"18":7,"19":7,"20":8},"f":{"0":1,"1":8},"b":{"0":[1,8],"1":[9,7],"2":[2,7]},"_coverageSchema":"1a1c01bbd47fc00a2c39e90264f33305004495a9","hash":"1dac25163524aa06e3ebea5fbb321612e0dafdae"}
,"/code/test_2_7.js": {"path":"/code/test_2_7.js","statementMap":{"0":{"start":{"line":3,"column":4},"end":{"line":5,"column":5}},"1":{"start":{"line":4,"column":8},"end":{"line":4,"column":21}},"2":{"start":{"line":7,"column":19},"end":{"line":7,"column":47}},"3":{"start":{"line":8,"column":17},"end":{"line":8,"column":39}},"4":{"start":{"line":9,"column":18},"end":{"line":9,"column":37}},"5":{"start":{"line":11,"column":4},"end":{"line":11,"column":52}},"6":{"start":{"line":15,"column":17},"end":{"line":15,"column":19}},"7":{"start":{"line":16,"column":12},"end":{"line":16,"column":13}},"8":{"start":{"line":17,"column":12},"end":{"line":17,"column":13}},"9":{"start":{"line":19,"column":4},"end":{"line":27,"column":5}},"10":{"start":{"line":20,"column":8},"end":{"line":26,"column":9}},"11":{"start":{"line":21,"column":12},"end":{"line":21,"column":33}},"12":{"start":{"line":22,"column":12},"end":{"line":22,"column":16}},"13":{"start":{"line":24,"column":12},"end":{"line":24,"column":34}},"14":{"start":{"line":25,"column":12},"end":{"line":25,"column":16}},"15":{"start":{"line":28,"column":4},"end":{"line":31,"column":7}},"16":{"start":{"line":29,"column":8},"end":{"line":29,"column":29}},"17":{"start":{"line":30,"column":8},"end":{"line":30,"column":12}},"18":{"start":{"line":32,"column":6},"end":{"line":35,"column":7}},"19":{"start":{"line":33,"column":8},"end":{"line":33,"column":30}},"20":{"start":{"line":34,"column":8},"end":{"line":34,"column":12}},"21":{"start":{"line":36,"column":6},"end":{"line":36,"column":20}}},"fnMap":{"0":{"name":"mergeSort","decl":{"start":{"line":2,"column":16},"end":{"line":2,"column":25}},"loc":{"start":{"line":2,"column":32},"end":{"line":12,"column":1}},"line":2},"1":{"name":"marge","decl":{"start":{"line":14,"column":9},"end":{"line":14,"column":14}},"loc":{"start":{"line":14,"column":26},"end":{"line":37,"column":1}},"line":14}},"branchMap":{"0":{"loc":{"start":{"line":3,"column":4},"end":{"line":5,"column":5}},"type":"if","locations":[{"start":{"line":3,"column":4},"end":{"line":5,"column":5}},{"start":{},"end":{}}],"line":3},"1":{"loc":{"start":{"line":19,"column":11},"end":{"line":19,"column":46}},"type":"binary-expr","locations":[{"start":{"line":19,"column":11},"end":{"line":19,"column":26}},{"start":{"line":19,"column":30},"end":{"line":19,"column":46}}],"line":19},"2":{"loc":{"start":{"line":20,"column":8},"end":{"line":26,"column":9}},"type":"if","locations":[{"start":{"line":20,"column":8},"end":{"line":26,"column":9}},{"start":{"line":23,"column":13},"end":{"line":26,"column":9}}],"line":20}},"s":{"0":18,"1":10,"2":8,"3":8,"4":8,"5":8,"6":8,"7":8,"8":8,"9":8,"10":13,"11":6,"12":6,"13":7,"14":7,"15":8,"16":4,"17":4,"18":8,"19":7,"20":7,"21":8},"f":{"0":18,"1":8},"b":{"0":[10,8],"1":[21,16],"2":[6,7]},"_coverageSchema":"1a1c01bbd47fc00a2c39e90264f33305004495a9","hash":"6cf41de268924c62ddfe45974ae21f934b31ab02"}
}
