TN:
SF:test_2_2.js
FN:4,bubble
FNF:1
FNH:1
FNDA:4,bubble
DA:5,4
DA:6,15
DA:7,42
DA:8,8
DA:9,8
DA:10,8
DA:14,4
LF:7
LH:7
BRDA:7,0,0,8
BRDA:7,0,1,34
BRF:2
BRH:2
end_of_record
TN:
SF:test_2_3.js
FN:41,bucketsort
FNF:1
FNH:1
FNDA:2,bucketsort
DA:42,2
DA:43,2
DA:44,13
DA:45,2
DA:46,11
DA:47,13
DA:50,2
LF:7
LH:7
BRF:0
BRH:0
end_of_record
TN:
SF:test_2_5.js
FN:2,dfs
FNF:1
FNH:1
FNDA:4,dfs
DA:3,4
DA:4,29
DA:5,29
DA:6,29
DA:7,3
DA:9,26
DA:10,50
DA:11,28
DA:16,1
LF:9
LH:9
BRDA:6,0,0,3
BRDA:6,0,1,26
BRDA:10,1,0,28
BRDA:10,1,1,22
BRF:4
BRH:4
end_of_record
TN:
SF:test_2_6.js
FN:3,heapSort
FN:20,heap
FNF:2
FNH:2
FNDA:1,heapSort
FNDA:8,heap
DA:4,1
DA:6,1
DA:7,3
DA:10,1
DA:11,5
DA:12,5
DA:13,5
DA:14,5
DA:16,1
DA:21,8
DA:22,8
DA:23,8
DA:24,9
DA:25,1
DA:27,9
DA:28,2
DA:30,7
DA:31,7
DA:34,8
LF:19
LH:19
BRDA:24,0,0,1
BRDA:24,0,1,8
BRDA:24,1,0,9
BRDA:24,1,1,7
BRDA:27,2,0,2
BRDA:27,2,1,7
BRF:6
BRH:6
end_of_record
TN:
SF:test_2_7.js
FN:2,mergeSort
FN:14,marge
FNF:2
FNH:2
FNDA:18,mergeSort
FNDA:8,marge
DA:3,18
DA:4,10
DA:7,8
DA:8,8
DA:9,8
DA:11,8
DA:15,8
DA:16,8
DA:17,8
DA:19,8
DA:20,13
DA:21,6
DA:22,6
DA:24,7
DA:25,7
DA:28,8
DA:29,4
DA:30,4
DA:32,8
DA:33,7
DA:34,7
DA:36,8
LF:22
LH:22
BRDA:3,0,0,10
BRDA:3,0,1,8
BRDA:19,1,0,21
BRDA:19,1,1,16
BRDA:20,2,0,6
BRDA:20,2,1,7
BRF:6
BRH:6
end_of_record
